<?xml version="1.0" encoding="UTF-8"?>
<coverage generated="1773072379975" clover="3.2.0">
  <project timestamp="1773072379975" name="All files">
    <metrics statements="199" coveredstatements="101" conditionals="63" coveredconditionals="29" methods="35" coveredmethods="21" elements="297" coveredelements="151" complexity="0" loc="199" ncloc="199" packages="6" files="17" classes="17"/>
    <package name="src">
      <metrics statements="75" coveredstatements="0" conditionals="30" coveredconditionals="0" methods="10" coveredmethods="0"/>
      <file name="app.module.ts" path="/Users/romaindiegoni/Documents/projects/react/pulsedesk-trader/services/api-gateway/src/app.module.ts">
        <metrics statements="23" coveredstatements="0" conditionals="16" coveredconditionals="0" methods="0" coveredmethods="0"/>
        <line num="1" count="0" type="stmt"/>
        <line num="2" count="0" type="stmt"/>
        <line num="3" count="0" type="stmt"/>
        <line num="4" count="0" type="stmt"/>
        <line num="5" count="0" type="stmt"/>
        <line num="6" count="0" type="stmt"/>
        <line num="7" count="0" type="stmt"/>
        <line num="8" count="0" type="stmt"/>
        <line num="9" count="0" type="stmt"/>
        <line num="11" count="0" type="stmt"/>
        <line num="12" count="0" type="stmt"/>
        <line num="13" count="0" type="stmt"/>
        <line num="14" count="0" type="stmt"/>
        <line num="15" count="0" type="stmt"/>
        <line num="16" count="0" type="stmt"/>
        <line num="17" count="0" type="stmt"/>
        <line num="18" count="0" type="stmt"/>
        <line num="20" count="0" type="stmt"/>
        <line num="21" count="0" type="stmt"/>
        <line num="22" count="0" type="stmt"/>
        <line num="23" count="0" type="stmt"/>
        <line num="24" count="0" type="stmt"/>
        <line num="86" count="0" type="stmt"/>
      </file>
      <file name="app.readiness.ts" path="/Users/romaindiegoni/Documents/projects/react/pulsedesk-trader/services/api-gateway/src/app.readiness.ts">
        <metrics statements="8" coveredstatements="0" conditionals="2" coveredconditionals="0" methods="4" coveredmethods="0"/>
        <line num="1" count="0" type="stmt"/>
        <line num="13" count="0" type="stmt"/>
        <line num="14" count="0" type="stmt"/>
        <line num="15" count="0" type="stmt"/>
        <line num="18" count="0" type="stmt"/>
        <line num="22" count="0" type="stmt"/>
        <line num="26" count="0" type="stmt"/>
        <line num="29" count="0" type="stmt"/>
      </file>
      <file name="instrumentation.ts" path="/Users/romaindiegoni/Documents/projects/react/pulsedesk-trader/services/api-gateway/src/instrumentation.ts">
        <metrics statements="5" coveredstatements="0" conditionals="4" coveredconditionals="0" methods="0" coveredmethods="0"/>
        <line num="1" count="0" type="stmt"/>
        <line num="2" count="0" type="stmt"/>
        <line num="3" count="0" type="stmt"/>
        <line num="5" count="0" type="stmt"/>
        <line num="18" count="0" type="stmt"/>
      </file>
      <file name="main.ts" path="/Users/romaindiegoni/Documents/projects/react/pulsedesk-trader/services/api-gateway/src/main.ts">
        <metrics statements="39" coveredstatements="0" conditionals="8" coveredconditionals="0" methods="6" coveredmethods="0"/>
        <line num="1" count="0" type="stmt"/>
        <line num="2" count="0" type="stmt"/>
        <line num="6" count="0" type="stmt"/>
        <line num="7" count="0" type="stmt"/>
        <line num="8" count="0" type="stmt"/>
        <line num="9" count="0" type="stmt"/>
        <line num="10" count="0" type="stmt"/>
        <line num="11" count="0" type="stmt"/>
        <line num="12" count="0" type="stmt"/>
        <line num="13" count="0" type="stmt"/>
        <line num="15" count="0" type="stmt"/>
        <line num="16" count="0" type="stmt"/>
        <line num="19" count="0" type="stmt"/>
        <line num="25" count="0" type="stmt"/>
        <line num="27" count="0" type="stmt"/>
        <line num="30" count="0" type="stmt"/>
        <line num="31" count="0" type="stmt"/>
        <line num="36" count="0" type="stmt"/>
        <line num="41" count="0" type="cond" truecount="0" falsecount="2"/>
        <line num="42" count="0" type="stmt"/>
        <line num="43" count="0" type="stmt"/>
        <line num="44" count="0" type="stmt"/>
        <line num="48" count="0" type="stmt"/>
        <line num="53" count="0" type="stmt"/>
        <line num="56" count="0" type="stmt"/>
        <line num="58" count="0" type="stmt"/>
        <line num="59" count="0" type="stmt"/>
        <line num="63" count="0" type="stmt"/>
        <line num="64" count="0" type="stmt"/>
        <line num="65" count="0" type="stmt"/>
        <line num="68" count="0" type="stmt"/>
        <line num="69" count="0" type="stmt"/>
        <line num="70" count="0" type="stmt"/>
        <line num="74" count="0" type="stmt"/>
        <line num="75" count="0" type="stmt"/>
        <line num="77" count="0" type="cond" truecount="0" falsecount="2"/>
        <line num="78" count="0" type="stmt"/>
        <line num="79" count="0" type="stmt"/>
        <line num="82" count="0" type="stmt"/>
      </file>
    </package>
    <package name="src.application.auth">
      <metrics statements="10" coveredstatements="10" conditionals="7" coveredconditionals="5" methods="2" coveredmethods="2"/>
      <file name="issue-token.use-case.ts" path="/Users/romaindiegoni/Documents/projects/react/pulsedesk-trader/services/api-gateway/src/application/auth/issue-token.use-case.ts">
        <metrics statements="10" coveredstatements="10" conditionals="7" coveredconditionals="5" methods="2" coveredmethods="2"/>
        <line num="1" count="2" type="stmt"/>
        <line num="2" count="2" type="stmt"/>
        <line num="5" count="2" type="stmt"/>
        <line num="6" count="4" type="stmt"/>
        <line num="10" count="4" type="cond" truecount="1" falsecount="1"/>
        <line num="12" count="4" type="cond" truecount="1" falsecount="1"/>
        <line num="14" count="4" type="cond" truecount="3" falsecount="0"/>
        <line num="15" count="3" type="stmt"/>
        <line num="18" count="1" type="stmt"/>
        <line num="19" count="1" type="stmt"/>
      </file>
    </package>
    <package name="src.application.proxy">
      <metrics statements="25" coveredstatements="24" conditionals="13" coveredconditionals="13" methods="3" coveredmethods="3"/>
      <file name="proxy.service.ts" path="/Users/romaindiegoni/Documents/projects/react/pulsedesk-trader/services/api-gateway/src/application/proxy/proxy.service.ts">
        <metrics statements="25" coveredstatements="24" conditionals="13" coveredconditionals="13" methods="3" coveredmethods="3"/>
        <line num="1" count="4" type="stmt"/>
        <line num="6" count="4" type="stmt"/>
        <line num="7" count="4" type="stmt"/>
        <line num="8" count="4" type="stmt"/>
        <line num="11" count="4" type="stmt"/>
        <line num="14" count="4" type="stmt"/>
        <line num="15" count="6" type="stmt"/>
        <line num="23" count="6" type="stmt"/>
        <line num="24" count="6" type="cond" truecount="1" falsecount="0"/>
        <line num="25" count="1" type="stmt"/>
        <line num="27" count="6" type="cond" truecount="1" falsecount="0"/>
        <line num="28" count="1" type="stmt"/>
        <line num="31" count="6" type="stmt"/>
        <line num="32" count="6" type="stmt"/>
        <line num="37" count="2" type="stmt"/>
        <line num="39" count="4" type="cond" truecount="1" falsecount="0"/>
        <line num="40" count="1" type="stmt"/>
        <line num="42" count="3" type="cond" truecount="1" falsecount="0"/>
        <line num="49" count="3" type="stmt"/>
        <line num="51" count="3" type="stmt"/>
        <line num="52" count="3" type="stmt"/>
        <line num="54" count="0" type="stmt"/>
        <line num="63" count="3" type="cond" truecount="1" falsecount="0"/>
        <line num="68" count="2" type="stmt"/>
        <line num="73" count="1" type="stmt"/>
      </file>
    </package>
    <package name="src.infrastructure.auth">
      <metrics statements="20" coveredstatements="20" conditionals="3" coveredconditionals="3" methods="5" coveredmethods="5"/>
      <file name="jwt-auth.guard.ts" path="/Users/romaindiegoni/Documents/projects/react/pulsedesk-trader/services/api-gateway/src/infrastructure/auth/jwt-auth.guard.ts">
        <metrics statements="10" coveredstatements="10" conditionals="1" coveredconditionals="1" methods="2" coveredmethods="2"/>
        <line num="1" count="1" type="stmt"/>
        <line num="2" count="1" type="stmt"/>
        <line num="3" count="1" type="stmt"/>
        <line num="4" count="1" type="stmt"/>
        <line num="7" count="1" type="stmt"/>
        <line num="8" count="2" type="stmt"/>
        <line num="9" count="2" type="stmt"/>
        <line num="13" count="2" type="stmt"/>
        <line num="17" count="2" type="cond" truecount="1" falsecount="0"/>
        <line num="18" count="1" type="stmt"/>
      </file>
      <file name="jwt.strategy.ts" path="/Users/romaindiegoni/Documents/projects/react/pulsedesk-trader/services/api-gateway/src/infrastructure/auth/jwt.strategy.ts">
        <metrics statements="6" coveredstatements="6" conditionals="2" coveredconditionals="2" methods="2" coveredmethods="2"/>
        <line num="1" count="1" type="stmt"/>
        <line num="2" count="1" type="stmt"/>
        <line num="3" count="1" type="stmt"/>
        <line num="12" count="1" type="stmt"/>
        <line num="14" count="2" type="stmt"/>
        <line num="22" count="1" type="stmt"/>
      </file>
      <file name="public.decorator.ts" path="/Users/romaindiegoni/Documents/projects/react/pulsedesk-trader/services/api-gateway/src/infrastructure/auth/public.decorator.ts">
        <metrics statements="4" coveredstatements="4" conditionals="0" coveredconditionals="0" methods="1" coveredmethods="1"/>
        <line num="1" count="2" type="stmt"/>
        <line num="3" count="2" type="stmt"/>
        <line num="4" count="2" type="stmt"/>
        <line num="5" count="1" type="stmt"/>
      </file>
    </package>
    <package name="src.infrastructure.throttle">
      <metrics statements="5" coveredstatements="5" conditionals="2" coveredconditionals="2" methods="1" coveredmethods="1"/>
      <file name="identity-throttle.guard.ts" path="/Users/romaindiegoni/Documents/projects/react/pulsedesk-trader/services/api-gateway/src/infrastructure/throttle/identity-throttle.guard.ts">
        <metrics statements="5" coveredstatements="5" conditionals="2" coveredconditionals="2" methods="1" coveredmethods="1"/>
        <line num="1" count="4" type="stmt"/>
        <line num="2" count="4" type="stmt"/>
        <line num="7" count="4" type="stmt"/>
        <line num="9" count="2" type="stmt"/>
        <line num="10" count="2" type="cond" truecount="2" falsecount="0"/>
      </file>
    </package>
    <package name="src.interfaces.http">
      <metrics statements="64" coveredstatements="42" conditionals="8" coveredconditionals="6" methods="14" coveredmethods="10"/>
      <file name="auth.controller.ts" path="/Users/romaindiegoni/Documents/projects/react/pulsedesk-trader/services/api-gateway/src/interfaces/http/auth.controller.ts">
        <metrics statements="11" coveredstatements="11" conditionals="0" coveredconditionals="0" methods="2" coveredmethods="2"/>
        <line num="1" count="1" type="stmt"/>
        <line num="2" count="1" type="stmt"/>
        <line num="3" count="1" type="stmt"/>
        <line num="4" count="1" type="stmt"/>
        <line num="5" count="1" type="stmt"/>
        <line num="11" count="1" type="stmt"/>
        <line num="16" count="1" type="stmt"/>
        <line num="21" count="1" type="stmt"/>
        <line num="22" count="2" type="stmt"/>
        <line num="28" count="1" type="stmt"/>
        <line num="29" count="2" type="stmt"/>
      </file>
      <file name="health.controller.ts" path="/Users/romaindiegoni/Documents/projects/react/pulsedesk-trader/services/api-gateway/src/interfaces/http/health.controller.ts">
        <metrics statements="6" coveredstatements="0" conditionals="0" coveredconditionals="0" methods="1" coveredmethods="0"/>
        <line num="1" count="0" type="stmt"/>
        <line num="2" count="0" type="stmt"/>
        <line num="3" count="0" type="stmt"/>
        <line num="7" count="0" type="stmt"/>
        <line num="11" count="0" type="stmt"/>
        <line num="12" count="0" type="stmt"/>
      </file>
      <file name="metrics.controller.ts" path="/Users/romaindiegoni/Documents/projects/react/pulsedesk-trader/services/api-gateway/src/interfaces/http/metrics.controller.ts">
        <metrics statements="6" coveredstatements="0" conditionals="0" coveredconditionals="0" methods="1" coveredmethods="0"/>
        <line num="1" count="0" type="stmt"/>
        <line num="2" count="0" type="stmt"/>
        <line num="3" count="0" type="stmt"/>
        <line num="6" count="0" type="stmt"/>
        <line num="12" count="0" type="stmt"/>
        <line num="13" count="0" type="stmt"/>
      </file>
      <file name="orders.controller.ts" path="/Users/romaindiegoni/Documents/projects/react/pulsedesk-trader/services/api-gateway/src/interfaces/http/orders.controller.ts">
        <metrics statements="13" coveredstatements="13" conditionals="2" coveredconditionals="2" methods="4" coveredmethods="4"/>
        <line num="1" count="1" type="stmt"/>
        <line num="10" count="1" type="stmt"/>
        <line num="12" count="1" type="stmt"/>
        <line num="13" count="1" type="stmt"/>
        <line num="15" count="1" type="cond" truecount="2" falsecount="0"/>
        <line num="21" count="1" type="stmt"/>
        <line num="22" count="3" type="stmt"/>
        <line num="26" count="1" type="stmt"/>
        <line num="30" count="1" type="stmt"/>
        <line num="35" count="1" type="stmt"/>
        <line num="36" count="1" type="stmt"/>
        <line num="41" count="1" type="stmt"/>
        <line num="45" count="1" type="stmt"/>
      </file>
      <file name="positions.controller.ts" path="/Users/romaindiegoni/Documents/projects/react/pulsedesk-trader/services/api-gateway/src/interfaces/http/positions.controller.ts">
        <metrics statements="9" coveredstatements="9" conditionals="2" coveredconditionals="2" methods="2" coveredmethods="2"/>
        <line num="1" count="1" type="stmt"/>
        <line num="2" count="1" type="stmt"/>
        <line num="4" count="1" type="stmt"/>
        <line num="5" count="1" type="stmt"/>
        <line num="8" count="1" type="cond" truecount="2" falsecount="0"/>
        <line num="14" count="1" type="stmt"/>
        <line num="15" count="1" type="stmt"/>
        <line num="19" count="1" type="stmt"/>
        <line num="20" count="1" type="stmt"/>
      </file>
      <file name="ready.controller.ts" path="/Users/romaindiegoni/Documents/projects/react/pulsedesk-trader/services/api-gateway/src/interfaces/http/ready.controller.ts">
        <metrics statements="10" coveredstatements="0" conditionals="2" coveredconditionals="0" methods="2" coveredmethods="0"/>
        <line num="1" count="0" type="stmt"/>
        <line num="2" count="0" type="stmt"/>
        <line num="3" count="0" type="stmt"/>
        <line num="5" count="0" type="stmt"/>
        <line num="9" count="0" type="stmt"/>
        <line num="10" count="0" type="stmt"/>
        <line num="16" count="0" type="stmt"/>
        <line num="17" count="0" type="cond" truecount="0" falsecount="2"/>
        <line num="18" count="0" type="stmt"/>
        <line num="20" count="0" type="stmt"/>
      </file>
      <file name="watchlist.controller.ts" path="/Users/romaindiegoni/Documents/projects/react/pulsedesk-trader/services/api-gateway/src/interfaces/http/watchlist.controller.ts">
        <metrics statements="9" coveredstatements="9" conditionals="2" coveredconditionals="2" methods="2" coveredmethods="2"/>
        <line num="1" count="1" type="stmt"/>
        <line num="2" count="1" type="stmt"/>
        <line num="4" count="1" type="stmt"/>
        <line num="5" count="1" type="stmt"/>
        <line num="8" count="1" type="cond" truecount="2" falsecount="0"/>
        <line num="14" count="1" type="stmt"/>
        <line num="15" count="1" type="stmt"/>
        <line num="19" count="1" type="stmt"/>
        <line num="20" count="1" type="stmt"/>
      </file>
    </package>
  </project>
</coverage>
