{"/Users/romaindiegoni/Documents/projects/react/pulsedesk-trader/services/api-gateway/src/app.module.ts": {"path":"/Users/romaindiegoni/Documents/projects/react/pulsedesk-trader/services/api-gateway/src/app.module.ts","statementMap":{"0":{"start":{"line":1,"column":0},"end":{"line":1,"column":40}},"1":{"start":{"line":2,"column":0},"end":{"line":2,"column":41}},"2":{"start":{"line":3,"column":0},"end":{"line":3,"column":40}},"3":{"start":{"line":4,"column":0},"end":{"line":4,"column":50}},"4":{"start":{"line":5,"column":0},"end":{"line":5,"column":52}},"5":{"start":{"line":6,"column":0},"end":{"line":6,"column":81}},"6":{"start":{"line":7,"column":0},"end":{"line":7,"column":43}},"7":{"start":{"line":8,"column":0},"end":{"line":8,"column":43}},"8":{"start":{"line":9,"column":0},"end":{"line":9,"column":28}},"9":{"start":{"line":11,"column":0},"end":{"line":11,"column":51}},"10":{"start":{"line":12,"column":0},"end":{"line":12,"column":71}},"11":{"start":{"line":13,"column":0},"end":{"line":13,"column":73}},"12":{"start":{"line":14,"column":0},"end":{"line":14,"column":69}},"13":{"start":{"line":15,"column":0},"end":{"line":15,"column":67}},"14":{"start":{"line":16,"column":0},"end":{"line":16,"column":71}},"15":{"start":{"line":17,"column":0},"end":{"line":17,"column":77}},"16":{"start":{"line":18,"column":0},"end":{"line":18,"column":77}},"17":{"start":{"line":20,"column":0},"end":{"line":20,"column":65}},"18":{"start":{"line":21,"column":0},"end":{"line":21,"column":68}},"19":{"start":{"line":22,"column":0},"end":{"line":22,"column":90}},"20":{"start":{"line":23,"column":0},"end":{"line":23,"column":76}},"21":{"start":{"line":24,"column":0},"end":{"line":24,"column":65}},"22":{"start":{"line":86,"column":7},"end":{"line":86,"column":null}},"23":{"start":{"line":86,"column":13},"end":{"line":86,"column":22}},"24":{"start":{"line":86,"column":13},"end":{"line":86,"column":null}}},"fnMap":{},"branchMap":{"0":{"loc":{"start":{"line":30,"column":15},"end":{"line":30,"column":49}},"type":"binary-expr","locations":[{"start":{"line":30,"column":15},"end":{"line":30,"column":39}},{"start":{"line":30,"column":43},"end":{"line":30,"column":49}}]},"1":{"loc":{"start":{"line":32,"column":10},"end":{"line":34,"column":23}},"type":"cond-expr","locations":[{"start":{"line":33,"column":14},"end":{"line":33,"column":70}},{"start":{"line":34,"column":14},"end":{"line":34,"column":23}}]},"2":{"loc":{"start":{"line":41,"column":14},"end":{"line":41,"column":76}},"type":"binary-expr","locations":[{"start":{"line":41,"column":14},"end":{"line":41,"column":39}},{"start":{"line":41,"column":43},"end":{"line":41,"column":76}}]},"3":{"loc":{"start":{"line":43,"column":28},"end":{"line":43,"column":71}},"type":"binary-expr","locations":[{"start":{"line":43,"column":28},"end":{"line":43,"column":61}},{"start":{"line":43,"column":65},"end":{"line":43,"column":71}}]},"4":{"loc":{"start":{"line":51,"column":12},"end":{"line":51,"column":66}},"type":"binary-expr","locations":[{"start":{"line":51,"column":12},"end":{"line":51,"column":55}},{"start":{"line":51,"column":59},"end":{"line":51,"column":66}}]},"5":{"loc":{"start":{"line":54,"column":26},"end":{"line":54,"column":72}},"type":"binary-expr","locations":[{"start":{"line":54,"column":26},"end":{"line":54,"column":63}},{"start":{"line":54,"column":67},"end":{"line":54,"column":72}}]},"6":{"loc":{"start":{"line":59,"column":16},"end":{"line":59,"column":57}},"type":"binary-expr","locations":[{"start":{"line":59,"column":16},"end":{"line":59,"column":42}},{"start":{"line":59,"column":46},"end":{"line":59,"column":57}}]},"7":{"loc":{"start":{"line":60,"column":25},"end":{"line":60,"column":61}},"type":"binary-expr","locations":[{"start":{"line":60,"column":25},"end":{"line":60,"column":51}},{"start":{"line":60,"column":55},"end":{"line":60,"column":61}}]}},"s":{"0":0,"1":0,"2":0,"3":0,"4":0,"5":0,"6":0,"7":0,"8":0,"9":0,"10":0,"11":0,"12":0,"13":0,"14":0,"15":0,"16":0,"17":0,"18":0,"19":0,"20":0,"21":0,"22":0,"23":0,"24":0},"f":{},"b":{"0":[0,0],"1":[0,0],"2":[0,0],"3":[0,0],"4":[0,0],"5":[0,0],"6":[0,0],"7":[0,0]}}
,"/Users/romaindiegoni/Documents/projects/react/pulsedesk-trader/services/api-gateway/src/app.readiness.ts": {"path":"/Users/romaindiegoni/Documents/projects/react/pulsedesk-trader/services/api-gateway/src/app.readiness.ts","statementMap":{"0":{"start":{"line":1,"column":0},"end":{"line":1,"column":null}},"1":{"start":{"line":13,"column":29},"end":{"line":31,"column":null}},"2":{"start":{"line":14,"column":19},"end":{"line":14,"column":62}},"3":{"start":{"line":15,"column":10},"end":{"line":15,"column":23}},"4":{"start":{"line":18,"column":4},"end":{"line":18,"column":22}},"5":{"start":{"line":22,"column":4},"end":{"line":22,"column":23}},"6":{"start":{"line":26,"column":4},"end":{"line":28,"column":6}},"7":{"start":{"line":29,"column":4},"end":{"line":29,"column":23}},"8":{"start":{"line":13,"column":13},"end":{"line":13,"column":29}},"9":{"start":{"line":13,"column":13},"end":{"line":31,"column":null}}},"fnMap":{"0":{"name":"(anonymous_1)","decl":{"start":{"line":13,"column":7},"end":{"line":13,"column":13}},"loc":{"start":{"line":13,"column":7},"end":{"line":31,"column":1}}},"1":{"name":"(anonymous_2)","decl":{"start":{"line":17,"column":2},"end":{"line":17,"column":9}},"loc":{"start":{"line":17,"column":9},"end":{"line":19,"column":3}}},"2":{"name":"(anonymous_3)","decl":{"start":{"line":21,"column":2},"end":{"line":21,"column":13}},"loc":{"start":{"line":21,"column":13},"end":{"line":23,"column":3}}},"3":{"name":"(anonymous_4)","decl":{"start":{"line":25,"column":2},"end":{"line":25,"column":27}},"loc":{"start":{"line":25,"column":43},"end":{"line":30,"column":3}}}},"branchMap":{"0":{"loc":{"start":{"line":27,"column":35},"end":{"line":27,"column":54}},"type":"binary-expr","locations":[{"start":{"line":27,"column":35},"end":{"line":27,"column":41}},{"start":{"line":27,"column":45},"end":{"line":27,"column":54}}]}},"s":{"0":0,"1":0,"2":0,"3":0,"4":0,"5":0,"6":0,"7":0,"8":0,"9":0},"f":{"0":0,"1":0,"2":0,"3":0},"b":{"0":[0,0]}}
,"/Users/romaindiegoni/Documents/projects/react/pulsedesk-trader/services/api-gateway/src/instrumentation.ts": {"path":"/Users/romaindiegoni/Documents/projects/react/pulsedesk-trader/services/api-gateway/src/instrumentation.ts","statementMap":{"0":{"start":{"line":1,"column":0},"end":{"line":1,"column":50}},"1":{"start":{"line":2,"column":0},"end":{"line":2,"column":76}},"2":{"start":{"line":3,"column":0},"end":{"line":3,"column":88}},"3":{"start":{"line":5,"column":12},"end":{"line":16,"column":2}},"4":{"start":{"line":18,"column":0},"end":{"line":18,"column":12}}},"fnMap":{},"branchMap":{"0":{"loc":{"start":{"line":6,"column":15},"end":{"line":6,"column":60}},"type":"binary-expr","locations":[{"start":{"line":6,"column":15},"end":{"line":6,"column":47}},{"start":{"line":6,"column":51},"end":{"line":6,"column":60}}]},"1":{"loc":{"start":{"line":8,"column":12},"end":{"line":8,"column":81}},"type":"binary-expr","locations":[{"start":{"line":8,"column":12},"end":{"line":8,"column":54}},{"start":{"line":8,"column":58},"end":{"line":8,"column":81}}]}},"s":{"0":0,"1":0,"2":0,"3":0,"4":0},"f":{},"b":{"0":[0,0],"1":[0,0]}}
,"/Users/romaindiegoni/Documents/projects/react/pulsedesk-trader/services/api-gateway/src/main.ts": {"path":"/Users/romaindiegoni/Documents/projects/react/pulsedesk-trader/services/api-gateway/src/main.ts","statementMap":{"0":{"start":{"line":1,"column":0},"end":{"line":1,"column":43}},"1":{"start":{"line":2,"column":0},"end":{"line":2,"column":null}},"2":{"start":{"line":6,"column":0},"end":{"line":6,"column":65}},"3":{"start":{"line":7,"column":0},"end":{"line":7,"column":44}},"4":{"start":{"line":8,"column":0},"end":{"line":8,"column":40}},"5":{"start":{"line":9,"column":0},"end":{"line":9,"column":48}},"6":{"start":{"line":10,"column":0},"end":{"line":10,"column":37}},"7":{"start":{"line":11,"column":0},"end":{"line":11,"column":36}},"8":{"start":{"line":12,"column":0},"end":{"line":12,"column":41}},"9":{"start":{"line":13,"column":0},"end":{"line":13,"column":51}},"10":{"start":{"line":15,"column":21},"end":{"line":15,"column":34}},"11":{"start":{"line":16,"column":21},"end":{"line":16,"column":25}},"12":{"start":{"line":19,"column":14},"end":{"line":22,"column":null}},"13":{"start":{"line":25,"column":2},"end":{"line":25,"column":33}},"14":{"start":{"line":27,"column":2},"end":{"line":27,"column":90}},"15":{"start":{"line":30,"column":2},"end":{"line":30,"column":36}},"16":{"start":{"line":31,"column":2},"end":{"line":33,"column":5}},"17":{"start":{"line":36,"column":2},"end":{"line":45,"column":7}},"18":{"start":{"line":41,"column":9},"end":{"line":41,"column":75}},"19":{"start":{"line":42,"column":6},"end":{"line":42,"column":39}},"20":{"start":{"line":43,"column":6},"end":{"line":43,"column":44}},"21":{"start":{"line":44,"column":6},"end":{"line":44,"column":13}},"22":{"start":{"line":48,"column":14},"end":{"line":52,"column":12}},"23":{"start":{"line":53,"column":2},"end":{"line":53,"column":75}},"24":{"start":{"line":56,"column":2},"end":{"line":56,"column":28}},"25":{"start":{"line":58,"column":17},"end":{"line":58,"column":32}},"26":{"start":{"line":59,"column":28},"end":{"line":61,"column":null}},"27":{"start":{"line":63,"column":25},"end":{"line":72,"column":3}},"28":{"start":{"line":64,"column":4},"end":{"line":64,"column":44}},"29":{"start":{"line":65,"column":4},"end":{"line":67,"column":6}},"30":{"start":{"line":68,"column":4},"end":{"line":71,"column":34}},"31":{"start":{"line":69,"column":6},"end":{"line":69,"column":65}},"32":{"start":{"line":70,"column":6},"end":{"line":70,"column":22}},"33":{"start":{"line":74,"column":2},"end":{"line":74,"column":59}},"34":{"start":{"line":74,"column":32},"end":{"line":74,"column":57}},"35":{"start":{"line":75,"column":2},"end":{"line":75,"column":57}},"36":{"start":{"line":75,"column":31},"end":{"line":75,"column":55}},"37":{"start":{"line":77,"column":15},"end":{"line":77,"column":72}},"38":{"start":{"line":78,"column":2},"end":{"line":78,"column":36}},"39":{"start":{"line":79,"column":2},"end":{"line":79,"column":58}},"40":{"start":{"line":82,"column":0},"end":{"line":82,"column":17}}},"fnMap":{"0":{"name":"bootstrap","decl":{"start":{"line":18,"column":15},"end":{"line":18,"column":24}},"loc":{"start":{"line":18,"column":24},"end":{"line":80,"column":1}}},"1":{"name":"(anonymous_1)","decl":{"start":{"line":39,"column":26},"end":{"line":39,"column":27}},"loc":{"start":{"line":39,"column":47},"end":{"line":45,"column":5}}},"2":{"name":"(anonymous_2)","decl":{"start":{"line":63,"column":25},"end":{"line":63,"column":26}},"loc":{"start":{"line":63,"column":50},"end":{"line":72,"column":3}}},"3":{"name":"(anonymous_3)","decl":{"start":{"line":68,"column":15},"end":{"line":68,"column":18}},"loc":{"start":{"line":68,"column":20},"end":{"line":71,"column":5}}},"4":{"name":"(anonymous_4)","decl":{"start":{"line":74,"column":26},"end":{"line":74,"column":29}},"loc":{"start":{"line":74,"column":32},"end":{"line":74,"column":57}}},"5":{"name":"(anonymous_5)","decl":{"start":{"line":75,"column":25},"end":{"line":75,"column":28}},"loc":{"start":{"line":75,"column":31},"end":{"line":75,"column":55}}}},"branchMap":{"0":{"loc":{"start":{"line":32,"column":12},"end":{"line":32,"column":45}},"type":"binary-expr","locations":[{"start":{"line":32,"column":12},"end":{"line":32,"column":38}},{"start":{"line":32,"column":42},"end":{"line":32,"column":45}}]},"1":{"loc":{"start":{"line":41,"column":9},"end":{"line":41,"column":75}},"type":"binary-expr","locations":[{"start":{"line":41,"column":9},"end":{"line":41,"column":59}},{"start":{"line":41,"column":63},"end":{"line":41,"column":75}}]},"2":{"loc":{"start":{"line":60,"column":4},"end":{"line":60,"column":49}},"type":"binary-expr","locations":[{"start":{"line":60,"column":4},"end":{"line":60,"column":38}},{"start":{"line":60,"column":42},"end":{"line":60,"column":49}}]},"3":{"loc":{"start":{"line":77,"column":24},"end":{"line":77,"column":67}},"type":"binary-expr","locations":[{"start":{"line":77,"column":24},"end":{"line":77,"column":43}},{"start":{"line":77,"column":47},"end":{"line":77,"column":67}}]}},"s":{"0":0,"1":0,"2":0,"3":0,"4":0,"5":0,"6":0,"7":0,"8":0,"9":0,"10":0,"11":0,"12":0,"13":0,"14":0,"15":0,"16":0,"17":0,"18":0,"19":0,"20":0,"21":0,"22":0,"23":0,"24":0,"25":0,"26":0,"27":0,"28":0,"29":0,"30":0,"31":0,"32":0,"33":0,"34":0,"35":0,"36":0,"37":0,"38":0,"39":0,"40":0},"f":{"0":0,"1":0,"2":0,"3":0,"4":0,"5":0},"b":{"0":[0,0],"1":[0,0],"2":[0,0],"3":[0,0]}}
,"/Users/romaindiegoni/Documents/projects/react/pulsedesk-trader/services/api-gateway/src/application/auth/issue-token.use-case.ts": {"path":"/Users/romaindiegoni/Documents/projects/react/pulsedesk-trader/services/api-gateway/src/application/auth/issue-token.use-case.ts","statementMap":{"0":{"start":{"line":1,"column":0},"end":{"line":1,"column":67}},"1":{"start":{"line":2,"column":0},"end":{"line":2,"column":41}},"2":{"start":{"line":5,"column":7},"end":{"line":21,"column":null}},"3":{"start":{"line":6,"column":31},"end":{"line":6,"column":36}},"4":{"start":{"line":10,"column":6},"end":{"line":10,"column":46}},"5":{"start":{"line":12,"column":6},"end":{"line":12,"column":49}},"6":{"start":{"line":14,"column":4},"end":{"line":16,"column":5}},"7":{"start":{"line":15,"column":6},"end":{"line":15,"column":61}},"8":{"start":{"line":18,"column":24},"end":{"line":18,"column":56}},"9":{"start":{"line":19,"column":4},"end":{"line":19,"column":27}},"10":{"start":{"line":5,"column":13},"end":{"line":5,"column":30}},"11":{"start":{"line":5,"column":13},"end":{"line":21,"column":null}}},"fnMap":{"0":{"name":"(anonymous_2)","decl":{"start":{"line":6,"column":2},"end":{"line":6,"column":31}},"loc":{"start":{"line":6,"column":46},"end":{"line":6,"column":50}}},"1":{"name":"(anonymous_3)","decl":{"start":{"line":8,"column":2},"end":{"line":8,"column":9}},"loc":{"start":{"line":8,"column":44},"end":{"line":20,"column":3}}}},"branchMap":{"0":{"loc":{"start":{"line":10,"column":6},"end":{"line":10,"column":46}},"type":"binary-expr","locations":[{"start":{"line":10,"column":6},"end":{"line":10,"column":34}},{"start":{"line":10,"column":38},"end":{"line":10,"column":46}}]},"1":{"loc":{"start":{"line":12,"column":6},"end":{"line":12,"column":49}},"type":"binary-expr","locations":[{"start":{"line":12,"column":6},"end":{"line":12,"column":34}},{"start":{"line":12,"column":38},"end":{"line":12,"column":49}}]},"2":{"loc":{"start":{"line":14,"column":4},"end":{"line":16,"column":5}},"type":"if","locations":[{"start":{"line":14,"column":4},"end":{"line":16,"column":5}}]},"3":{"loc":{"start":{"line":14,"column":8},"end":{"line":14,"column":62}},"type":"binary-expr","locations":[{"start":{"line":14,"column":8},"end":{"line":14,"column":33}},{"start":{"line":14,"column":37},"end":{"line":14,"column":62}}]}},"s":{"0":2,"1":2,"2":2,"3":4,"4":4,"5":4,"6":4,"7":3,"8":1,"9":1,"10":2,"11":2},"f":{"0":4,"1":4},"b":{"0":[4,0],"1":[4,0],"2":[3],"3":[4,2]}}
,"/Users/romaindiegoni/Documents/projects/react/pulsedesk-trader/services/api-gateway/src/application/proxy/proxy.service.ts": {"path":"/Users/romaindiegoni/Documents/projects/react/pulsedesk-trader/services/api-gateway/src/application/proxy/proxy.service.ts","statementMap":{"0":{"start":{"line":1,"column":0},"end":{"line":1,"column":null}},"1":{"start":{"line":6,"column":0},"end":{"line":6,"column":44}},"2":{"start":{"line":7,"column":0},"end":{"line":7,"column":52}},"3":{"start":{"line":8,"column":0},"end":{"line":8,"column":41}},"4":{"start":{"line":11,"column":28},"end":{"line":11,"column":34}},"5":{"start":{"line":14,"column":7},"end":{"line":75,"column":null}},"6":{"start":{"line":15,"column":31},"end":{"line":15,"column":37}},"7":{"start":{"line":23,"column":44},"end":{"line":23,"column":46}},"8":{"start":{"line":24,"column":4},"end":{"line":26,"column":5}},"9":{"start":{"line":25,"column":6},"end":{"line":25,"column":70}},"10":{"start":{"line":27,"column":4},"end":{"line":29,"column":5}},"11":{"start":{"line":28,"column":6},"end":{"line":28,"column":68}},"12":{"start":{"line":31,"column":4},"end":{"line":55,"column":5}},"13":{"start":{"line":32,"column":23},"end":{"line":35,"column":null}},"14":{"start":{"line":37,"column":6},"end":{"line":37,"column":27}},"15":{"start":{"line":39,"column":6},"end":{"line":41,"column":7}},"16":{"start":{"line":40,"column":8},"end":{"line":40,"column":58}},"17":{"start":{"line":42,"column":6},"end":{"line":53,"column":7}},"18":{"start":{"line":49,"column":25},"end":{"line":49,"column":74}},"19":{"start":{"line":51,"column":21},"end":{"line":51,"column":79}},"20":{"start":{"line":52,"column":8},"end":{"line":52,"column":55}},"21":{"start":{"line":54,"column":6},"end":{"line":54,"column":54}},"22":{"start":{"line":63,"column":4},"end":{"line":72,"column":5}},"23":{"start":{"line":68,"column":6},"end":{"line":71,"column":8}},"24":{"start":{"line":73,"column":4},"end":{"line":73,"column":70}},"25":{"start":{"line":14,"column":13},"end":{"line":14,"column":25}},"26":{"start":{"line":14,"column":13},"end":{"line":75,"column":null}}},"fnMap":{"0":{"name":"(anonymous_2)","decl":{"start":{"line":15,"column":2},"end":{"line":15,"column":31}},"loc":{"start":{"line":15,"column":48},"end":{"line":15,"column":52}}},"1":{"name":"(anonymous_3)","decl":{"start":{"line":17,"column":2},"end":{"line":17,"column":7}},"loc":{"start":{"line":21,"column":18},"end":{"line":56,"column":3}}},"2":{"name":"(anonymous_4)","decl":{"start":{"line":58,"column":10},"end":{"line":58,"column":31}},"loc":{"start":{"line":60,"column":18},"end":{"line":74,"column":3}}}},"branchMap":{"0":{"loc":{"start":{"line":24,"column":4},"end":{"line":26,"column":5}},"type":"if","locations":[{"start":{"line":24,"column":4},"end":{"line":26,"column":5}}]},"1":{"loc":{"start":{"line":27,"column":4},"end":{"line":29,"column":5}},"type":"if","locations":[{"start":{"line":27,"column":4},"end":{"line":29,"column":5}}]},"2":{"loc":{"start":{"line":39,"column":6},"end":{"line":41,"column":7}},"type":"if","locations":[{"start":{"line":39,"column":6},"end":{"line":41,"column":7}}]},"3":{"loc":{"start":{"line":42,"column":6},"end":{"line":53,"column":7}},"type":"if","locations":[{"start":{"line":42,"column":6},"end":{"line":53,"column":7}}]},"4":{"loc":{"start":{"line":43,"column":8},"end":{"line":47,"column":30}},"type":"binary-expr","locations":[{"start":{"line":43,"column":8},"end":{"line":43,"column":29}},{"start":{"line":44,"column":8},"end":{"line":44,"column":25}},{"start":{"line":45,"column":8},"end":{"line":45,"column":38}},{"start":{"line":46,"column":8},"end":{"line":46,"column":32}},{"start":{"line":47,"column":8},"end":{"line":47,"column":30}}]},"5":{"loc":{"start":{"line":63,"column":4},"end":{"line":72,"column":5}},"type":"if","locations":[{"start":{"line":63,"column":4},"end":{"line":72,"column":5}}]},"6":{"loc":{"start":{"line":64,"column":6},"end":{"line":66,"column":70}},"type":"binary-expr","locations":[{"start":{"line":64,"column":6},"end":{"line":64,"column":28}},{"start":{"line":65,"column":6},"end":{"line":65,"column":23}},{"start":{"line":66,"column":6},"end":{"line":66,"column":70}}]}},"s":{"0":4,"1":4,"2":4,"3":4,"4":4,"5":4,"6":6,"7":6,"8":6,"9":1,"10":6,"11":1,"12":6,"13":6,"14":2,"15":4,"16":1,"17":3,"18":3,"19":3,"20":3,"21":0,"22":3,"23":2,"24":1,"25":4,"26":4},"f":{"0":6,"1":6,"2":3},"b":{"0":[1],"1":[1],"2":[1],"3":[3],"4":[3,3,3,3,3],"5":[2],"6":[3,2,2]}}
,"/Users/romaindiegoni/Documents/projects/react/pulsedesk-trader/services/api-gateway/src/infrastructure/auth/jwt-auth.guard.ts": {"path":"/Users/romaindiegoni/Documents/projects/react/pulsedesk-trader/services/api-gateway/src/infrastructure/auth/jwt-auth.guard.ts","statementMap":{"0":{"start":{"line":1,"column":0},"end":{"line":1,"column":62}},"1":{"start":{"line":2,"column":0},"end":{"line":2,"column":41}},"2":{"start":{"line":3,"column":0},"end":{"line":3,"column":45}},"3":{"start":{"line":4,"column":0},"end":{"line":4,"column":51}},"4":{"start":{"line":7,"column":7},"end":{"line":20,"column":null}},"5":{"start":{"line":9,"column":4},"end":{"line":9,"column":12}},"6":{"start":{"line":8,"column":31},"end":{"line":8,"column":42}},"7":{"start":{"line":13,"column":21},"end":{"line":16,"column":6}},"8":{"start":{"line":17,"column":4},"end":{"line":17,"column":30}},"9":{"start":{"line":17,"column":18},"end":{"line":17,"column":30}},"10":{"start":{"line":18,"column":4},"end":{"line":18,"column":68}},"11":{"start":{"line":7,"column":13},"end":{"line":7,"column":25}},"12":{"start":{"line":7,"column":13},"end":{"line":20,"column":null}}},"fnMap":{"0":{"name":"(anonymous_2)","decl":{"start":{"line":8,"column":2},"end":{"line":8,"column":31}},"loc":{"start":{"line":8,"column":51},"end":{"line":10,"column":3}}},"1":{"name":"(anonymous_3)","decl":{"start":{"line":12,"column":2},"end":{"line":12,"column":13}},"loc":{"start":{"line":12,"column":39},"end":{"line":19,"column":3}}}},"branchMap":{"0":{"loc":{"start":{"line":17,"column":4},"end":{"line":17,"column":30}},"type":"if","locations":[{"start":{"line":17,"column":4},"end":{"line":17,"column":30}}]}},"s":{"0":1,"1":1,"2":1,"3":1,"4":1,"5":2,"6":2,"7":2,"8":2,"9":1,"10":1,"11":1,"12":1},"f":{"0":2,"1":2},"b":{"0":[1]}}
,"/Users/romaindiegoni/Documents/projects/react/pulsedesk-trader/services/api-gateway/src/infrastructure/auth/jwt.strategy.ts": {"path":"/Users/romaindiegoni/Documents/projects/react/pulsedesk-trader/services/api-gateway/src/infrastructure/auth/jwt.strategy.ts","statementMap":{"0":{"start":{"line":1,"column":0},"end":{"line":1,"column":44}},"1":{"start":{"line":2,"column":0},"end":{"line":2,"column":52}},"2":{"start":{"line":3,"column":0},"end":{"line":3,"column":52}},"3":{"start":{"line":12,"column":7},"end":{"line":24,"column":null}},"4":{"start":{"line":14,"column":4},"end":{"line":18,"column":7}},"5":{"start":{"line":22,"column":4},"end":{"line":22,"column":32}},"6":{"start":{"line":12,"column":13},"end":{"line":12,"column":24}},"7":{"start":{"line":12,"column":13},"end":{"line":24,"column":null}}},"fnMap":{"0":{"name":"(anonymous_2)","decl":{"start":{"line":13,"column":2},"end":{"line":13,"column":null}},"loc":{"start":{"line":13,"column":2},"end":{"line":19,"column":3}}},"1":{"name":"(anonymous_3)","decl":{"start":{"line":21,"column":2},"end":{"line":21,"column":10}},"loc":{"start":{"line":21,"column":30},"end":{"line":23,"column":3}}}},"branchMap":{"0":{"loc":{"start":{"line":17,"column":19},"end":{"line":17,"column":81}},"type":"binary-expr","locations":[{"start":{"line":17,"column":19},"end":{"line":17,"column":44}},{"start":{"line":17,"column":48},"end":{"line":17,"column":81}}]}},"s":{"0":1,"1":1,"2":1,"3":1,"4":2,"5":1,"6":1,"7":1},"f":{"0":2,"1":1},"b":{"0":[2,1]}}
,"/Users/romaindiegoni/Documents/projects/react/pulsedesk-trader/services/api-gateway/src/infrastructure/auth/public.decorator.ts": {"path":"/Users/romaindiegoni/Documents/projects/react/pulsedesk-trader/services/api-gateway/src/infrastructure/auth/public.decorator.ts","statementMap":{"0":{"start":{"line":1,"column":0},"end":{"line":1,"column":45}},"1":{"start":{"line":3,"column":13},"end":{"line":3,"column":40}},"2":{"start":{"line":4,"column":22},"end":{"line":5,"column":34}},"3":{"start":{"line":5,"column":2},"end":{"line":5,"column":34}},"4":{"start":{"line":4,"column":13},"end":{"line":4,"column":22}}},"fnMap":{"0":{"name":"(anonymous_0)","decl":{"start":{"line":4,"column":22},"end":{"line":4,"column":59}},"loc":{"start":{"line":5,"column":2},"end":{"line":5,"column":34}}}},"branchMap":{},"s":{"0":2,"1":2,"2":2,"3":1,"4":2},"f":{"0":1},"b":{}}
,"/Users/romaindiegoni/Documents/projects/react/pulsedesk-trader/services/api-gateway/src/infrastructure/throttle/identity-throttle.guard.ts": {"path":"/Users/romaindiegoni/Documents/projects/react/pulsedesk-trader/services/api-gateway/src/infrastructure/throttle/identity-throttle.guard.ts","statementMap":{"0":{"start":{"line":1,"column":0},"end":{"line":1,"column":44}},"1":{"start":{"line":2,"column":0},"end":{"line":2,"column":51}},"2":{"start":{"line":7,"column":7},"end":{"line":12,"column":null}},"3":{"start":{"line":9,"column":18},"end":{"line":9,"column":69}},"4":{"start":{"line":10,"column":4},"end":{"line":10,"column":43}},"5":{"start":{"line":7,"column":13},"end":{"line":7,"column":34}},"6":{"start":{"line":7,"column":13},"end":{"line":12,"column":null}}},"fnMap":{"0":{"name":"(anonymous_1)","decl":{"start":{"line":8,"column":12},"end":{"line":8,"column":17}},"loc":{"start":{"line":8,"column":48},"end":{"line":11,"column":3}}}},"branchMap":{"0":{"loc":{"start":{"line":10,"column":11},"end":{"line":10,"column":42}},"type":"binary-expr","locations":[{"start":{"line":10,"column":11},"end":{"line":10,"column":20}},{"start":{"line":10,"column":25},"end":{"line":10,"column":42}}]}},"s":{"0":4,"1":4,"2":4,"3":2,"4":2,"5":4,"6":4},"f":{"0":2},"b":{"0":[2,1]}}
,"/Users/romaindiegoni/Documents/projects/react/pulsedesk-trader/services/api-gateway/src/interfaces/http/auth.controller.ts": {"path":"/Users/romaindiegoni/Documents/projects/react/pulsedesk-trader/services/api-gateway/src/interfaces/http/auth.controller.ts","statementMap":{"0":{"start":{"line":1,"column":0},"end":{"line":1,"column":66}},"1":{"start":{"line":2,"column":0},"end":{"line":2,"column":56}},"2":{"start":{"line":3,"column":0},"end":{"line":3,"column":66}},"3":{"start":{"line":4,"column":0},"end":{"line":4,"column":80}},"4":{"start":{"line":5,"column":0},"end":{"line":5,"column":68}},"5":{"start":{"line":11,"column":2},"end":{"line":11,"column":null}},"6":{"start":{"line":16,"column":2},"end":{"line":16,"column":null}},"7":{"start":{"line":21,"column":7},"end":{"line":31,"column":null}},"8":{"start":{"line":22,"column":31},"end":{"line":22,"column":43}},"9":{"start":{"line":29,"column":4},"end":{"line":29,"column":65}},"10":{"start":{"line":21,"column":13},"end":{"line":21,"column":27}},"11":{"start":{"line":28,"column":2},"end":{"line":30,"column":null}},"12":{"start":{"line":21,"column":13},"end":{"line":31,"column":null}}},"fnMap":{"0":{"name":"(anonymous_4)","decl":{"start":{"line":22,"column":2},"end":{"line":22,"column":31}},"loc":{"start":{"line":22,"column":60},"end":{"line":22,"column":64}}},"1":{"name":"(anonymous_5)","decl":{"start":{"line":28,"column":2},"end":{"line":28,"column":7}},"loc":{"start":{"line":28,"column":37},"end":{"line":30,"column":3}}}},"branchMap":{},"s":{"0":1,"1":1,"2":1,"3":1,"4":1,"5":1,"6":1,"7":1,"8":2,"9":2,"10":1,"11":1,"12":1},"f":{"0":2,"1":2},"b":{}}
,"/Users/romaindiegoni/Documents/projects/react/pulsedesk-trader/services/api-gateway/src/interfaces/http/health.controller.ts": {"path":"/Users/romaindiegoni/Documents/projects/react/pulsedesk-trader/services/api-gateway/src/interfaces/http/health.controller.ts","statementMap":{"0":{"start":{"line":1,"column":0},"end":{"line":1,"column":68}},"1":{"start":{"line":2,"column":0},"end":{"line":2,"column":49}},"2":{"start":{"line":3,"column":0},"end":{"line":3,"column":56}},"3":{"start":{"line":7,"column":7},"end":{"line":14,"column":null}},"4":{"start":{"line":12,"column":4},"end":{"line":12,"column":28}},"5":{"start":{"line":7,"column":13},"end":{"line":7,"column":29}},"6":{"start":{"line":11,"column":2},"end":{"line":13,"column":null}},"7":{"start":{"line":7,"column":13},"end":{"line":14,"column":null}}},"fnMap":{"0":{"name":"(anonymous_2)","decl":{"start":{"line":11,"column":2},"end":{"line":11,"column":8}},"loc":{"start":{"line":11,"column":8},"end":{"line":13,"column":3}}}},"branchMap":{},"s":{"0":0,"1":0,"2":0,"3":0,"4":0,"5":0,"6":0,"7":0},"f":{"0":0},"b":{}}
,"/Users/romaindiegoni/Documents/projects/react/pulsedesk-trader/services/api-gateway/src/interfaces/http/metrics.controller.ts": {"path":"/Users/romaindiegoni/Documents/projects/react/pulsedesk-trader/services/api-gateway/src/interfaces/http/metrics.controller.ts","statementMap":{"0":{"start":{"line":1,"column":0},"end":{"line":1,"column":68}},"1":{"start":{"line":2,"column":0},"end":{"line":2,"column":57}},"2":{"start":{"line":3,"column":0},"end":{"line":3,"column":53}},"3":{"start":{"line":6,"column":7},"end":{"line":15,"column":null}},"4":{"start":{"line":13,"column":4},"end":{"line":13,"column":52}},"5":{"start":{"line":6,"column":13},"end":{"line":6,"column":30}},"6":{"start":{"line":12,"column":2},"end":{"line":14,"column":null}},"7":{"start":{"line":6,"column":13},"end":{"line":15,"column":null}}},"fnMap":{"0":{"name":"(anonymous_2)","decl":{"start":{"line":12,"column":2},"end":{"line":12,"column":9}},"loc":{"start":{"line":12,"column":9},"end":{"line":14,"column":3}}}},"branchMap":{},"s":{"0":0,"1":0,"2":0,"3":0,"4":0,"5":0,"6":0,"7":0},"f":{"0":0},"b":{}}
,"/Users/romaindiegoni/Documents/projects/react/pulsedesk-trader/services/api-gateway/src/interfaces/http/orders.controller.ts": {"path":"/Users/romaindiegoni/Documents/projects/react/pulsedesk-trader/services/api-gateway/src/interfaces/http/orders.controller.ts","statementMap":{"0":{"start":{"line":1,"column":0},"end":{"line":1,"column":null}},"1":{"start":{"line":10,"column":0},"end":{"line":10,"column":71}},"2":{"start":{"line":12,"column":0},"end":{"line":12,"column":94}},"3":{"start":{"line":13,"column":0},"end":{"line":13,"column":69}},"4":{"start":{"line":15,"column":18},"end":{"line":15,"column":77}},"5":{"start":{"line":21,"column":7},"end":{"line":47,"column":null}},"6":{"start":{"line":22,"column":31},"end":{"line":22,"column":38}},"7":{"start":{"line":30,"column":4},"end":{"line":30,"column":72}},"8":{"start":{"line":36,"column":4},"end":{"line":36,"column":71}},"9":{"start":{"line":45,"column":4},"end":{"line":45,"column":79}},"10":{"start":{"line":21,"column":13},"end":{"line":21,"column":29}},"11":{"start":{"line":26,"column":2},"end":{"line":31,"column":null}},"12":{"start":{"line":35,"column":2},"end":{"line":37,"column":null}},"13":{"start":{"line":41,"column":2},"end":{"line":46,"column":null}},"14":{"start":{"line":21,"column":13},"end":{"line":47,"column":null}}},"fnMap":{"0":{"name":"(anonymous_4)","decl":{"start":{"line":22,"column":2},"end":{"line":22,"column":31}},"loc":{"start":{"line":22,"column":50},"end":{"line":22,"column":54}}},"1":{"name":"(anonymous_5)","decl":{"start":{"line":26,"column":2},"end":{"line":26,"column":8}},"loc":{"start":{"line":28,"column":25},"end":{"line":31,"column":3}}},"2":{"name":"(anonymous_6)","decl":{"start":{"line":35,"column":2},"end":{"line":35,"column":5}},"loc":{"start":{"line":35,"column":57},"end":{"line":37,"column":3}}},"3":{"name":"(anonymous_7)","decl":{"start":{"line":41,"column":2},"end":{"line":41,"column":8}},"loc":{"start":{"line":43,"column":27},"end":{"line":46,"column":3}}}},"branchMap":{"0":{"loc":{"start":{"line":15,"column":18},"end":{"line":15,"column":77}},"type":"binary-expr","locations":[{"start":{"line":15,"column":18},"end":{"line":15,"column":50}},{"start":{"line":15,"column":54},"end":{"line":15,"column":77}}]}},"s":{"0":1,"1":1,"2":1,"3":1,"4":1,"5":1,"6":3,"7":1,"8":1,"9":1,"10":1,"11":1,"12":1,"13":1,"14":1},"f":{"0":3,"1":1,"2":1,"3":1},"b":{"0":[1,1]}}
,"/Users/romaindiegoni/Documents/projects/react/pulsedesk-trader/services/api-gateway/src/interfaces/http/positions.controller.ts": {"path":"/Users/romaindiegoni/Documents/projects/react/pulsedesk-trader/services/api-gateway/src/interfaces/http/positions.controller.ts","statementMap":{"0":{"start":{"line":1,"column":0},"end":{"line":1,"column":65}},"1":{"start":{"line":2,"column":0},"end":{"line":2,"column":71}},"2":{"start":{"line":4,"column":0},"end":{"line":4,"column":94}},"3":{"start":{"line":5,"column":0},"end":{"line":5,"column":69}},"4":{"start":{"line":8,"column":2},"end":{"line":8,"column":65}},"5":{"start":{"line":14,"column":7},"end":{"line":22,"column":null}},"6":{"start":{"line":15,"column":31},"end":{"line":15,"column":38}},"7":{"start":{"line":20,"column":4},"end":{"line":20,"column":72}},"8":{"start":{"line":14,"column":13},"end":{"line":14,"column":32}},"9":{"start":{"line":19,"column":2},"end":{"line":21,"column":null}},"10":{"start":{"line":14,"column":13},"end":{"line":22,"column":null}}},"fnMap":{"0":{"name":"(anonymous_4)","decl":{"start":{"line":15,"column":2},"end":{"line":15,"column":31}},"loc":{"start":{"line":15,"column":50},"end":{"line":15,"column":54}}},"1":{"name":"(anonymous_5)","decl":{"start":{"line":19,"column":2},"end":{"line":19,"column":5}},"loc":{"start":{"line":19,"column":32},"end":{"line":21,"column":3}}}},"branchMap":{"0":{"loc":{"start":{"line":8,"column":2},"end":{"line":8,"column":65}},"type":"binary-expr","locations":[{"start":{"line":8,"column":2},"end":{"line":8,"column":38}},{"start":{"line":8,"column":42},"end":{"line":8,"column":65}}]}},"s":{"0":1,"1":1,"2":1,"3":1,"4":1,"5":1,"6":1,"7":1,"8":1,"9":1,"10":1},"f":{"0":1,"1":1},"b":{"0":[1,1]}}
,"/Users/romaindiegoni/Documents/projects/react/pulsedesk-trader/services/api-gateway/src/interfaces/http/ready.controller.ts": {"path":"/Users/romaindiegoni/Documents/projects/react/pulsedesk-trader/services/api-gateway/src/interfaces/http/ready.controller.ts","statementMap":{"0":{"start":{"line":1,"column":0},"end":{"line":1,"column":68}},"1":{"start":{"line":2,"column":0},"end":{"line":2,"column":64}},"2":{"start":{"line":3,"column":0},"end":{"line":3,"column":56}},"3":{"start":{"line":5,"column":0},"end":{"line":5,"column":55}},"4":{"start":{"line":9,"column":7},"end":{"line":23,"column":null}},"5":{"start":{"line":10,"column":31},"end":{"line":10,"column":42}},"6":{"start":{"line":17,"column":4},"end":{"line":21,"column":5}},"7":{"start":{"line":18,"column":6},"end":{"line":18,"column":55}},"8":{"start":{"line":20,"column":6},"end":{"line":20,"column":59}},"9":{"start":{"line":9,"column":13},"end":{"line":9,"column":28}},"10":{"start":{"line":16,"column":2},"end":{"line":22,"column":null}},"11":{"start":{"line":9,"column":13},"end":{"line":23,"column":null}}},"fnMap":{"0":{"name":"(anonymous_4)","decl":{"start":{"line":10,"column":2},"end":{"line":10,"column":31}},"loc":{"start":{"line":10,"column":58},"end":{"line":10,"column":62}}},"1":{"name":"(anonymous_5)","decl":{"start":{"line":16,"column":2},"end":{"line":16,"column":7}},"loc":{"start":{"line":16,"column":34},"end":{"line":22,"column":3}}}},"branchMap":{"0":{"loc":{"start":{"line":17,"column":4},"end":{"line":21,"column":5}},"type":"if","locations":[{"start":{"line":17,"column":4},"end":{"line":21,"column":5}},{"start":{"line":19,"column":11},"end":{"line":21,"column":5}}]}},"s":{"0":0,"1":0,"2":0,"3":0,"4":0,"5":0,"6":0,"7":0,"8":0,"9":0,"10":0,"11":0},"f":{"0":0,"1":0},"b":{"0":[0,0]}}
,"/Users/romaindiegoni/Documents/projects/react/pulsedesk-trader/services/api-gateway/src/interfaces/http/watchlist.controller.ts": {"path":"/Users/romaindiegoni/Documents/projects/react/pulsedesk-trader/services/api-gateway/src/interfaces/http/watchlist.controller.ts","statementMap":{"0":{"start":{"line":1,"column":0},"end":{"line":1,"column":65}},"1":{"start":{"line":2,"column":0},"end":{"line":2,"column":71}},"2":{"start":{"line":4,"column":0},"end":{"line":4,"column":94}},"3":{"start":{"line":5,"column":0},"end":{"line":5,"column":69}},"4":{"start":{"line":8,"column":2},"end":{"line":8,"column":67}},"5":{"start":{"line":14,"column":7},"end":{"line":22,"column":null}},"6":{"start":{"line":15,"column":31},"end":{"line":15,"column":38}},"7":{"start":{"line":20,"column":4},"end":{"line":20,"column":69}},"8":{"start":{"line":14,"column":13},"end":{"line":14,"column":32}},"9":{"start":{"line":19,"column":2},"end":{"line":21,"column":null}},"10":{"start":{"line":14,"column":13},"end":{"line":22,"column":null}}},"fnMap":{"0":{"name":"(anonymous_4)","decl":{"start":{"line":15,"column":2},"end":{"line":15,"column":31}},"loc":{"start":{"line":15,"column":50},"end":{"line":15,"column":54}}},"1":{"name":"(anonymous_5)","decl":{"start":{"line":19,"column":2},"end":{"line":19,"column":5}},"loc":{"start":{"line":19,"column":32},"end":{"line":21,"column":3}}}},"branchMap":{"0":{"loc":{"start":{"line":8,"column":2},"end":{"line":8,"column":67}},"type":"binary-expr","locations":[{"start":{"line":8,"column":2},"end":{"line":8,"column":40}},{"start":{"line":8,"column":44},"end":{"line":8,"column":67}}]}},"s":{"0":1,"1":1,"2":1,"3":1,"4":1,"5":1,"6":1,"7":1,"8":1,"9":1,"10":1},"f":{"0":1,"1":1},"b":{"0":[1,1]}}
}
