TN:
SF:src/app.module.ts
FNF:0
FNH:0
DA:1,0
DA:2,0
DA:3,0
DA:4,0
DA:5,0
DA:6,0
DA:7,0
DA:8,0
DA:9,0
DA:11,0
DA:12,0
DA:13,0
DA:14,0
DA:15,0
DA:16,0
DA:17,0
DA:18,0
DA:20,0
DA:21,0
DA:22,0
DA:23,0
DA:24,0
DA:86,0
LF:23
LH:0
BRDA:30,0,0,0
BRDA:30,0,1,0
BRDA:32,1,0,0
BRDA:32,1,1,0
BRDA:41,2,0,0
BRDA:41,2,1,0
BRDA:43,3,0,0
BRDA:43,3,1,0
BRDA:51,4,0,0
BRDA:51,4,1,0
BRDA:54,5,0,0
BRDA:54,5,1,0
BRDA:59,6,0,0
BRDA:59,6,1,0
BRDA:60,7,0,0
BRDA:60,7,1,0
BRF:16
BRH:0
end_of_record
TN:
SF:src/app.readiness.ts
FN:13,(anonymous_1)
FN:17,(anonymous_2)
FN:21,(anonymous_3)
FN:25,(anonymous_4)
FNF:4
FNH:0
FNDA:0,(anonymous_1)
FNDA:0,(anonymous_2)
FNDA:0,(anonymous_3)
FNDA:0,(anonymous_4)
DA:1,0
DA:13,0
DA:14,0
DA:15,0
DA:18,0
DA:22,0
DA:26,0
DA:29,0
LF:8
LH:0
BRDA:27,0,0,0
BRDA:27,0,1,0
BRF:2
BRH:0
end_of_record
TN:
SF:src/instrumentation.ts
FNF:0
FNH:0
DA:1,0
DA:2,0
DA:3,0
DA:5,0
DA:18,0
LF:5
LH:0
BRDA:6,0,0,0
BRDA:6,0,1,0
BRDA:8,1,0,0
BRDA:8,1,1,0
BRF:4
BRH:0
end_of_record
TN:
SF:src/main.ts
FN:18,bootstrap
FN:39,(anonymous_1)
FN:63,(anonymous_2)
FN:68,(anonymous_3)
FN:74,(anonymous_4)
FN:75,(anonymous_5)
FNF:6
FNH:0
FNDA:0,bootstrap
FNDA:0,(anonymous_1)
FNDA:0,(anonymous_2)
FNDA:0,(anonymous_3)
FNDA:0,(anonymous_4)
FNDA:0,(anonymous_5)
DA:1,0
DA:2,0
DA:6,0
DA:7,0
DA:8,0
DA:9,0
DA:10,0
DA:11,0
DA:12,0
DA:13,0
DA:15,0
DA:16,0
DA:19,0
DA:25,0
DA:27,0
DA:30,0
DA:31,0
DA:36,0
DA:41,0
DA:42,0
DA:43,0
DA:44,0
DA:48,0
DA:53,0
DA:56,0
DA:58,0
DA:59,0
DA:63,0
DA:64,0
DA:65,0
DA:68,0
DA:69,0
DA:70,0
DA:74,0
DA:75,0
DA:77,0
DA:78,0
DA:79,0
DA:82,0
LF:39
LH:0
BRDA:32,0,0,0
BRDA:32,0,1,0
BRDA:41,1,0,0
BRDA:41,1,1,0
BRDA:60,2,0,0
BRDA:60,2,1,0
BRDA:77,3,0,0
BRDA:77,3,1,0
BRF:8
BRH:0
end_of_record
TN:
SF:src/application/auth/issue-token.use-case.ts
FN:6,(anonymous_2)
FN:8,(anonymous_3)
FNF:2
FNH:2
FNDA:4,(anonymous_2)
FNDA:4,(anonymous_3)
DA:1,2
DA:2,2
DA:5,2
DA:6,4
DA:10,4
DA:12,4
DA:14,4
DA:15,3
DA:18,1
DA:19,1
LF:10
LH:10
BRDA:10,0,0,4
BRDA:10,0,1,0
BRDA:12,1,0,4
BRDA:12,1,1,0
BRDA:14,2,0,3
BRDA:14,3,0,4
BRDA:14,3,1,2
BRF:7
BRH:5
end_of_record
TN:
SF:src/application/proxy/proxy.service.ts
FN:15,(anonymous_2)
FN:17,(anonymous_3)
FN:58,(anonymous_4)
FNF:3
FNH:3
FNDA:6,(anonymous_2)
FNDA:6,(anonymous_3)
FNDA:3,(anonymous_4)
DA:1,4
DA:6,4
DA:7,4
DA:8,4
DA:11,4
DA:14,4
DA:15,6
DA:23,6
DA:24,6
DA:25,1
DA:27,6
DA:28,1
DA:31,6
DA:32,6
DA:37,2
DA:39,4
DA:40,1
DA:42,3
DA:49,3
DA:51,3
DA:52,3
DA:54,0
DA:63,3
DA:68,2
DA:73,1
LF:25
LH:24
BRDA:24,0,0,1
BRDA:27,1,0,1
BRDA:39,2,0,1
BRDA:42,3,0,3
BRDA:43,4,0,3
BRDA:43,4,1,3
BRDA:43,4,2,3
BRDA:43,4,3,3
BRDA:43,4,4,3
BRDA:63,5,0,2
BRDA:64,6,0,3
BRDA:64,6,1,2
BRDA:64,6,2,2
BRF:13
BRH:13
end_of_record
TN:
SF:src/infrastructure/auth/jwt-auth.guard.ts
FN:8,(anonymous_2)
FN:12,(anonymous_3)
FNF:2
FNH:2
FNDA:2,(anonymous_2)
FNDA:2,(anonymous_3)
DA:1,1
DA:2,1
DA:3,1
DA:4,1
DA:7,1
DA:8,2
DA:9,2
DA:13,2
DA:17,2
DA:18,1
LF:10
LH:10
BRDA:17,0,0,1
BRF:1
BRH:1
end_of_record
TN:
SF:src/infrastructure/auth/jwt.strategy.ts
FN:13,(anonymous_2)
FN:21,(anonymous_3)
FNF:2
FNH:2
FNDA:2,(anonymous_2)
FNDA:1,(anonymous_3)
DA:1,1
DA:2,1
DA:3,1
DA:12,1
DA:14,2
DA:22,1
LF:6
LH:6
BRDA:17,0,0,2
BRDA:17,0,1,1
BRF:2
BRH:2
end_of_record
TN:
SF:src/infrastructure/auth/public.decorator.ts
FN:4,(anonymous_0)
FNF:1
FNH:1
FNDA:1,(anonymous_0)
DA:1,2
DA:3,2
DA:4,2
DA:5,1
LF:4
LH:4
BRF:0
BRH:0
end_of_record
TN:
SF:src/infrastructure/throttle/identity-throttle.guard.ts
FN:8,(anonymous_1)
FNF:1
FNH:1
FNDA:2,(anonymous_1)
DA:1,4
DA:2,4
DA:7,4
DA:9,2
DA:10,2
LF:5
LH:5
BRDA:10,0,0,2
BRDA:10,0,1,1
BRF:2
BRH:2
end_of_record
TN:
SF:src/interfaces/http/auth.controller.ts
FN:22,(anonymous_4)
FN:28,(anonymous_5)
FNF:2
FNH:2
FNDA:2,(anonymous_4)
FNDA:2,(anonymous_5)
DA:1,1
DA:2,1
DA:3,1
DA:4,1
DA:5,1
DA:11,1
DA:16,1
DA:21,1
DA:22,2
DA:28,1
DA:29,2
LF:11
LH:11
BRF:0
BRH:0
end_of_record
TN:
SF:src/interfaces/http/health.controller.ts
FN:11,(anonymous_2)
FNF:1
FNH:0
FNDA:0,(anonymous_2)
DA:1,0
DA:2,0
DA:3,0
DA:7,0
DA:11,0
DA:12,0
LF:6
LH:0
BRF:0
BRH:0
end_of_record
TN:
SF:src/interfaces/http/metrics.controller.ts
FN:12,(anonymous_2)
FNF:1
FNH:0
FNDA:0,(anonymous_2)
DA:1,0
DA:2,0
DA:3,0
DA:6,0
DA:12,0
DA:13,0
LF:6
LH:0
BRF:0
BRH:0
end_of_record
TN:
SF:src/interfaces/http/orders.controller.ts
FN:22,(anonymous_4)
FN:26,(anonymous_5)
FN:35,(anonymous_6)
FN:41,(anonymous_7)
FNF:4
FNH:4
FNDA:3,(anonymous_4)
FNDA:1,(anonymous_5)
FNDA:1,(anonymous_6)
FNDA:1,(anonymous_7)
DA:1,1
DA:10,1
DA:12,1
DA:13,1
DA:15,1
DA:21,1
DA:22,3
DA:26,1
DA:30,1
DA:35,1
DA:36,1
DA:41,1
DA:45,1
LF:13
LH:13
BRDA:15,0,0,1
BRDA:15,0,1,1
BRF:2
BRH:2
end_of_record
TN:
SF:src/interfaces/http/positions.controller.ts
FN:15,(anonymous_4)
FN:19,(anonymous_5)
FNF:2
FNH:2
FNDA:1,(anonymous_4)
FNDA:1,(anonymous_5)
DA:1,1
DA:2,1
DA:4,1
DA:5,1
DA:8,1
DA:14,1
DA:15,1
DA:19,1
DA:20,1
LF:9
LH:9
BRDA:8,0,0,1
BRDA:8,0,1,1
BRF:2
BRH:2
end_of_record
TN:
SF:src/interfaces/http/ready.controller.ts
FN:10,(anonymous_4)
FN:16,(anonymous_5)
FNF:2
FNH:0
FNDA:0,(anonymous_4)
FNDA:0,(anonymous_5)
DA:1,0
DA:2,0
DA:3,0
DA:5,0
DA:9,0
DA:10,0
DA:16,0
DA:17,0
DA:18,0
DA:20,0
LF:10
LH:0
BRDA:17,0,0,0
BRDA:17,0,1,0
BRF:2
BRH:0
end_of_record
TN:
SF:src/interfaces/http/watchlist.controller.ts
FN:15,(anonymous_4)
FN:19,(anonymous_5)
FNF:2
FNH:2
FNDA:1,(anonymous_4)
FNDA:1,(anonymous_5)
DA:1,1
DA:2,1
DA:4,1
DA:5,1
DA:8,1
DA:14,1
DA:15,1
DA:19,1
DA:20,1
LF:9
LH:9
BRDA:8,0,0,1
BRDA:8,0,1,1
BRF:2
BRH:2
end_of_record
